D:\WORKSPACES\PALYGROUND\CPP\POINTERS\POINTERS\DEBUG\POINTERS.EXE
D:\WORKSPACES\PALYGROUND\CPP\POINTERS\POINTERS\DEBUG\POINTERS.ILK
D:\WORKSPACES\PALYGROUND\CPP\POINTERS\POINTERS\DEBUG\POINTERS.PDB
D:\Workspaces\palyground\cpp\pointers\Pointers\Pointers\Debug\cl.command.1.tlog
D:\Workspaces\palyground\cpp\pointers\Pointers\Pointers\Debug\CL.read.1.tlog
D:\Workspaces\palyground\cpp\pointers\Pointers\Pointers\Debug\CL.write.1.tlog
D:\Workspaces\palyground\cpp\pointers\Pointers\Pointers\Debug\link.1328.read.1.tlog
D:\Workspaces\palyground\cpp\pointers\Pointers\Pointers\Debug\link.1328.write.1.tlog
D:\Workspaces\palyground\cpp\pointers\Pointers\Pointers\Debug\link.1328-cvtres.read.1.tlog
D:\Workspaces\palyground\cpp\pointers\Pointers\Pointers\Debug\link.1328-cvtres.write.1.tlog
D:\Workspaces\palyground\cpp\pointers\Pointers\Pointers\Debug\link.command.1.tlog
D:\Workspaces\palyground\cpp\pointers\Pointers\Pointers\Debug\link.read.1.tlog
D:\Workspaces\palyground\cpp\pointers\Pointers\Pointers\Debug\link.write.1.tlog
D:\Workspaces\palyground\cpp\pointers\Pointers\Pointers\Debug\link-cvtres.read.1.tlog
D:\Workspaces\palyground\cpp\pointers\Pointers\Pointers\Debug\link-cvtres.write.1.tlog
D:\Workspaces\palyground\cpp\pointers\Pointers\Pointers\Debug\mt.command.1.tlog
D:\Workspaces\palyground\cpp\pointers\Pointers\Pointers\Debug\mt.read.1.tlog
D:\Workspaces\palyground\cpp\pointers\Pointers\Pointers\Debug\mt.write.1.tlog
D:\WORKSPACES\PALYGROUND\CPP\POINTERS\POINTERS\POINTERS\DEBUG\POINTERS.EXE.EMBED.MANIFEST
D:\WORKSPACES\PALYGROUND\CPP\POINTERS\POINTERS\POINTERS\DEBUG\POINTERS.EXE.EMBED.MANIFEST.RES
D:\WORKSPACES\PALYGROUND\CPP\POINTERS\POINTERS\POINTERS\DEBUG\POINTERS.EXE.INTERMEDIATE.MANIFEST
D:\WORKSPACES\PALYGROUND\CPP\POINTERS\POINTERS\POINTERS\DEBUG\POINTERS.OBJ
D:\WORKSPACES\PALYGROUND\CPP\POINTERS\POINTERS\POINTERS\DEBUG\POINTERS.PCH
D:\Workspaces\palyground\cpp\pointers\Pointers\Pointers\Debug\Pointers_manifest.rc
D:\Workspaces\palyground\cpp\pointers\Pointers\Pointers\Debug\rc.command.1.tlog
D:\Workspaces\palyground\cpp\pointers\Pointers\Pointers\Debug\rc.read.1.tlog
D:\Workspaces\palyground\cpp\pointers\Pointers\Pointers\Debug\rc.write.1.tlog
D:\WORKSPACES\PALYGROUND\CPP\POINTERS\POINTERS\POINTERS\DEBUG\STDAFX.OBJ
D:\Workspaces\palyground\cpp\pointers\Pointers\Pointers\Debug\vc100.idb
D:\WORKSPACES\PALYGROUND\CPP\POINTERS\POINTERS\POINTERS\DEBUG\VC100.PDB
